Arguments: 
  C:\Program Files\nodejs\node.exe C:\Program Files (x86)\Yarn\bin\yarn.js install

PATH: 
  C:\WINDOWS\system32;C:\WINDOWS;C:\WINDOWS\System32\Wbem;C:\WINDOWS\System32\WindowsPowerShell\v1.0\;C:\WINDOWS\System32\OpenSSH\;C:\Program Files (x86)\Yarn\bin\;C:\Program Files\Git\cmd;C:\Program Files\Docker\Docker\resources\bin;C:\Program Files (x86)\Microsoft SQL Server\160\DTS\Binn\;C:\Program Files\nodejs\;C:\xampp\php;C:\ProgramData\ComposerSetup\bin;C:\Program Files\Amazon\AWSCLIV2\;C:\Users\det_d\AppData\Local\Microsoft\WindowsApps;;C:\Users\det_d\AppData\Local\Programs\Azure Data Studio\bin;C:\Users\det_d\AppData\Local\Programs\Microsoft VS Code\bin;C:\Users\det_d\AppData\Local\Yarn\bin;C:\Users\det_d\AppData\Roaming\npm;C:\Users\det_d\AppData\Roaming\Composer\vendor\bin

Yarn version: 
  1.22.19

Node version: 
  20.13.1

Platform: 
  win32 x64

Trace: 
  Error: self-signed certificate in certificate chain
      at TLSSocket.onConnectSecure (node:_tls_wrap:1674:34)
      at TLSSocket.emit (node:events:519:28)
      at TLSSocket._finishInit (node:_tls_wrap:1085:8)
      at ssl.onhandshakedone (node:_tls_wrap:871:12)

npm manifest: 
  {
    "name": "frontend-liderazgo",
    "private": true,
    "version": "0.0.0",
    "type": "module",
    "scripts": {
      "dev": "vite",
      "build": "vite build",
      "lint": "eslint .",
      "preview": "vite preview"
    },
    "dependencies": {
      "@tanstack/react-query": "^5.80.7",
      "axios": "^1.10.0",
      "formik": "^2.4.6",
      "react": "^19.1.0",
      "react-dom": "^19.1.0",
      "react-router-dom": "^7.6.2",
      "yup": "^1.6.1"
    },
    "devDependencies": {
      "@eslint/js": "^9.25.0",
      "@types/react": "^19.1.2",
      "@types/react-dom": "^19.1.2",
      "@vitejs/plugin-react": "^4.4.1",
      "eslint": "^9.25.0",
      "eslint-plugin-react-hooks": "^5.2.0",
      "eslint-plugin-react-refresh": "^0.4.19",
      "globals": "^16.0.0",
      "vite": "^6.3.5"
    }
  }

yarn manifest: 
  No manifest

Lockfile: 
  No lockfile
